
*** Running vivado
    with args -log TOP.vds -m64 -product Vivado -mode batch -messageDb vivado.pb -notrace -source TOP.tcl



****** Vivado v2022.1 (64-bit)
  **** SW Build 3526262 on Mon Apr 18 15:48:16 MDT 2022
  **** IP Build 3524634 on Mon Apr 18 20:55:01 MDT 2022
    ** Copyright 1986-2022 Xilinx, Inc. All Rights Reserved.

source TOP.tcl -notrace
create_project: Time (s): cpu = 00:00:08 ; elapsed = 00:00:08 . Memory (MB): peak = 1273.574 ; gain = 0.000
Command: read_checkpoint -auto_incremental -incremental C:/Users/SMN/.Xilinx/SED_TRABAJO_FINAL/SED_TRABAJO_FINAL.srcs/utils_1/imports/synth_1/TOP.dcp
INFO: [Vivado 12-5825] Read reference checkpoint from C:/Users/SMN/.Xilinx/SED_TRABAJO_FINAL/SED_TRABAJO_FINAL.srcs/utils_1/imports/synth_1/TOP.dcp for incremental synthesis
INFO: [Vivado 12-7989] Please ensure there are no constraint changes
Command: synth_design -top TOP -part xc7a100tcsg324-1
Starting synth_design
Attempting to get a license for feature 'Synthesis' and/or device 'xc7a100t'
INFO: [Common 17-349] Got license for feature 'Synthesis' and/or device 'xc7a100t'
INFO: [Device 21-403] Loading part xc7a100tcsg324-1
INFO: [Designutils 20-5440] No compile time benefit to using incremental synthesis; A full resynthesis will be run
INFO: [Designutils 20-4379] Flow is switching to default flow due to incremental criteria not met. If you would like to alter this behaviour and have the flow terminate instead, please set the following parameter config_implementation {autoIncr.Synth.RejectBehavior Terminate}
INFO: [Synth 8-7079] Multithreading enabled for synth_design using a maximum of 2 processes.
INFO: [Synth 8-7078] Launching helper process for spawning children vivado processes
INFO: [Synth 8-7075] Helper process launched with PID 17396
---------------------------------------------------------------------------------
Starting RTL Elaboration : Time (s): cpu = 00:00:10 ; elapsed = 00:00:11 . Memory (MB): peak = 1273.574 ; gain = 0.000
---------------------------------------------------------------------------------
INFO: [Synth 8-638] synthesizing module 'TOP' [C:/Users/SMN/.Xilinx/SED_TRABAJO_FINAL/SED_TRABAJO_FINAL.srcs/sources_1/new/TOP.vhd:52]
INFO: [Synth 8-3491] module 'COIN_INPUT' declared at 'C:/Users/SMN/.Xilinx/SED_TRABAJO_FINAL/SED_TRABAJO_FINAL.srcs/sources_1/new/COIN_INPUT.vhd:34' bound to instance 'inst_COIN_INPUT' of component 'COIN_INPUT' [C:/Users/SMN/.Xilinx/SED_TRABAJO_FINAL/SED_TRABAJO_FINAL.srcs/sources_1/new/TOP.vhd:139]
INFO: [Synth 8-638] synthesizing module 'COIN_INPUT' [C:/Users/SMN/.Xilinx/SED_TRABAJO_FINAL/SED_TRABAJO_FINAL.srcs/sources_1/new/COIN_INPUT.vhd:44]
INFO: [Synth 8-3491] module 'SYNCHRNZR' declared at 'C:/Users/SMN/.Xilinx/SED_TRABAJO_FINAL/SED_TRABAJO_FINAL.srcs/sources_1/new/SYNCHRNZR.vhd:34' bound to instance 'inst_SYNCHRNZR' of component 'SYNCHRNZR' [C:/Users/SMN/.Xilinx/SED_TRABAJO_FINAL/SED_TRABAJO_FINAL.srcs/sources_1/new/COIN_INPUT.vhd:83]
INFO: [Synth 8-638] synthesizing module 'SYNCHRNZR' [C:/Users/SMN/.Xilinx/SED_TRABAJO_FINAL/SED_TRABAJO_FINAL.srcs/sources_1/new/SYNCHRNZR.vhd:44]
INFO: [Synth 8-256] done synthesizing module 'SYNCHRNZR' (0#1) [C:/Users/SMN/.Xilinx/SED_TRABAJO_FINAL/SED_TRABAJO_FINAL.srcs/sources_1/new/SYNCHRNZR.vhd:44]
INFO: [Synth 8-3491] module 'DEBOUNCER' declared at 'C:/Users/SMN/.Xilinx/SED_TRABAJO_FINAL/SED_TRABAJO_FINAL.srcs/sources_1/new/DEBOUNCER.vhd:36' bound to instance 'inst_DEBOUNCER' of component 'DEBOUNCER' [C:/Users/SMN/.Xilinx/SED_TRABAJO_FINAL/SED_TRABAJO_FINAL.srcs/sources_1/new/COIN_INPUT.vhd:90]
INFO: [Synth 8-638] synthesizing module 'DEBOUNCER' [C:/Users/SMN/.Xilinx/SED_TRABAJO_FINAL/SED_TRABAJO_FINAL.srcs/sources_1/new/DEBOUNCER.vhd:48]
INFO: [Synth 8-256] done synthesizing module 'DEBOUNCER' (0#1) [C:/Users/SMN/.Xilinx/SED_TRABAJO_FINAL/SED_TRABAJO_FINAL.srcs/sources_1/new/DEBOUNCER.vhd:48]
INFO: [Synth 8-3491] module 'EDGEDTCtR' declared at 'C:/Users/SMN/.Xilinx/SED_TRABAJO_FINAL/SED_TRABAJO_FINAL.srcs/sources_1/new/EDGEDTCtR.vhd:34' bound to instance 'inst_EDGEDTCTR' of component 'EDGEDTCtR' [C:/Users/SMN/.Xilinx/SED_TRABAJO_FINAL/SED_TRABAJO_FINAL.srcs/sources_1/new/COIN_INPUT.vhd:96]
INFO: [Synth 8-638] synthesizing module 'EDGEDTCtR' [C:/Users/SMN/.Xilinx/SED_TRABAJO_FINAL/SED_TRABAJO_FINAL.srcs/sources_1/new/EDGEDTCtR.vhd:43]
INFO: [Synth 8-256] done synthesizing module 'EDGEDTCtR' (0#1) [C:/Users/SMN/.Xilinx/SED_TRABAJO_FINAL/SED_TRABAJO_FINAL.srcs/sources_1/new/EDGEDTCtR.vhd:43]
INFO: [Synth 8-256] done synthesizing module 'COIN_INPUT' (0#1) [C:/Users/SMN/.Xilinx/SED_TRABAJO_FINAL/SED_TRABAJO_FINAL.srcs/sources_1/new/COIN_INPUT.vhd:44]
INFO: [Synth 8-3491] module 'FSM_SELECTION' declared at 'C:/Users/SMN/.Xilinx/SED_TRABAJO_FINAL/SED_TRABAJO_FINAL.srcs/sources_1/new/FSM_SELECTION.vhd:34' bound to instance 'inst_FSM_SELECTION' of component 'FSM_SELECTION' [C:/Users/SMN/.Xilinx/SED_TRABAJO_FINAL/SED_TRABAJO_FINAL.srcs/sources_1/new/TOP.vhd:146]
INFO: [Synth 8-638] synthesizing module 'FSM_SELECTION' [C:/Users/SMN/.Xilinx/SED_TRABAJO_FINAL/SED_TRABAJO_FINAL.srcs/sources_1/new/FSM_SELECTION.vhd:48]
INFO: [Synth 8-256] done synthesizing module 'FSM_SELECTION' (0#1) [C:/Users/SMN/.Xilinx/SED_TRABAJO_FINAL/SED_TRABAJO_FINAL.srcs/sources_1/new/FSM_SELECTION.vhd:48]
INFO: [Synth 8-3491] module 'FSM_PRICE' declared at 'C:/Users/SMN/.Xilinx/SED_TRABAJO_FINAL/SED_TRABAJO_FINAL.srcs/sources_1/new/FSM_PRICE.vhd:35' bound to instance 'inst_FSM_PRICE' of component 'FSM_PRICE' [C:/Users/SMN/.Xilinx/SED_TRABAJO_FINAL/SED_TRABAJO_FINAL.srcs/sources_1/new/TOP.vhd:156]
INFO: [Synth 8-638] synthesizing module 'FSM_PRICE' [C:/Users/SMN/.Xilinx/SED_TRABAJO_FINAL/SED_TRABAJO_FINAL.srcs/sources_1/new/FSM_PRICE.vhd:50]
WARNING: [Synth 8-614] signal 'count' is read in the process but is not in the sensitivity list [C:/Users/SMN/.Xilinx/SED_TRABAJO_FINAL/SED_TRABAJO_FINAL.srcs/sources_1/new/FSM_PRICE.vhd:82]
WARNING: [Synth 8-614] signal 'option' is read in the process but is not in the sensitivity list [C:/Users/SMN/.Xilinx/SED_TRABAJO_FINAL/SED_TRABAJO_FINAL.srcs/sources_1/new/FSM_PRICE.vhd:82]
WARNING: [Synth 8-614] signal 'price' is read in the process but is not in the sensitivity list [C:/Users/SMN/.Xilinx/SED_TRABAJO_FINAL/SED_TRABAJO_FINAL.srcs/sources_1/new/FSM_PRICE.vhd:82]
WARNING: [Synth 8-614] signal 'reset' is read in the process but is not in the sensitivity list [C:/Users/SMN/.Xilinx/SED_TRABAJO_FINAL/SED_TRABAJO_FINAL.srcs/sources_1/new/FSM_PRICE.vhd:334]
INFO: [Synth 8-256] done synthesizing module 'FSM_PRICE' (0#1) [C:/Users/SMN/.Xilinx/SED_TRABAJO_FINAL/SED_TRABAJO_FINAL.srcs/sources_1/new/FSM_PRICE.vhd:50]
INFO: [Synth 8-3491] module 'COUNTER' declared at 'C:/Users/SMN/.Xilinx/SED_TRABAJO_FINAL/SED_TRABAJO_FINAL.srcs/sources_1/new/COUNTER.vhd:35' bound to instance 'inst_COUNTER' of component 'COUNTER' [C:/Users/SMN/.Xilinx/SED_TRABAJO_FINAL/SED_TRABAJO_FINAL.srcs/sources_1/new/TOP.vhd:167]
INFO: [Synth 8-638] synthesizing module 'COUNTER' [C:/Users/SMN/.Xilinx/SED_TRABAJO_FINAL/SED_TRABAJO_FINAL.srcs/sources_1/new/COUNTER.vhd:50]
WARNING: [Synth 8-614] signal 'option' is read in the process but is not in the sensitivity list [C:/Users/SMN/.Xilinx/SED_TRABAJO_FINAL/SED_TRABAJO_FINAL.srcs/sources_1/new/COUNTER.vhd:58]
WARNING: [Synth 8-614] signal 'count_s' is read in the process but is not in the sensitivity list [C:/Users/SMN/.Xilinx/SED_TRABAJO_FINAL/SED_TRABAJO_FINAL.srcs/sources_1/new/COUNTER.vhd:79]
WARNING: [Synth 8-614] signal 'price' is read in the process but is not in the sensitivity list [C:/Users/SMN/.Xilinx/SED_TRABAJO_FINAL/SED_TRABAJO_FINAL.srcs/sources_1/new/COUNTER.vhd:79]
INFO: [Synth 8-256] done synthesizing module 'COUNTER' (0#1) [C:/Users/SMN/.Xilinx/SED_TRABAJO_FINAL/SED_TRABAJO_FINAL.srcs/sources_1/new/COUNTER.vhd:50]
INFO: [Synth 8-3491] module 'FSM_DISPLAY' declared at 'C:/Users/SMN/.Xilinx/SED_TRABAJO_FINAL/SED_TRABAJO_FINAL.srcs/sources_1/new/FSM_DISPLAY.vhd:35' bound to instance 'inst_FSM_DISPLAY' of component 'FSM_DISPLAY' [C:/Users/SMN/.Xilinx/SED_TRABAJO_FINAL/SED_TRABAJO_FINAL.srcs/sources_1/new/TOP.vhd:178]
INFO: [Synth 8-638] synthesizing module 'FSM_DISPLAY' [C:/Users/SMN/.Xilinx/SED_TRABAJO_FINAL/SED_TRABAJO_FINAL.srcs/sources_1/new/FSM_DISPLAY.vhd:54]
WARNING: [Synth 8-614] signal 'option' is read in the process but is not in the sensitivity list [C:/Users/SMN/.Xilinx/SED_TRABAJO_FINAL/SED_TRABAJO_FINAL.srcs/sources_1/new/FSM_DISPLAY.vhd:145]
WARNING: [Synth 8-614] signal 'confirmed_sale' is read in the process but is not in the sensitivity list [C:/Users/SMN/.Xilinx/SED_TRABAJO_FINAL/SED_TRABAJO_FINAL.srcs/sources_1/new/FSM_DISPLAY.vhd:145]
WARNING: [Synth 8-614] signal 'count' is read in the process but is not in the sensitivity list [C:/Users/SMN/.Xilinx/SED_TRABAJO_FINAL/SED_TRABAJO_FINAL.srcs/sources_1/new/FSM_DISPLAY.vhd:169]
WARNING: [Synth 8-614] signal 'price' is read in the process but is not in the sensitivity list [C:/Users/SMN/.Xilinx/SED_TRABAJO_FINAL/SED_TRABAJO_FINAL.srcs/sources_1/new/FSM_DISPLAY.vhd:169]
WARNING: [Synth 8-614] signal 'change' is read in the process but is not in the sensitivity list [C:/Users/SMN/.Xilinx/SED_TRABAJO_FINAL/SED_TRABAJO_FINAL.srcs/sources_1/new/FSM_DISPLAY.vhd:169]
INFO: [Synth 8-256] done synthesizing module 'FSM_DISPLAY' (0#1) [C:/Users/SMN/.Xilinx/SED_TRABAJO_FINAL/SED_TRABAJO_FINAL.srcs/sources_1/new/FSM_DISPLAY.vhd:54]
INFO: [Synth 8-256] done synthesizing module 'TOP' (0#1) [C:/Users/SMN/.Xilinx/SED_TRABAJO_FINAL/SED_TRABAJO_FINAL.srcs/sources_1/new/TOP.vhd:52]
---------------------------------------------------------------------------------
Finished RTL Elaboration : Time (s): cpu = 00:00:13 ; elapsed = 00:00:14 . Memory (MB): peak = 1273.574 ; gain = 0.000
---------------------------------------------------------------------------------
---------------------------------------------------------------------------------
Start Handling Custom Attributes
---------------------------------------------------------------------------------
---------------------------------------------------------------------------------
Finished Handling Custom Attributes : Time (s): cpu = 00:00:13 ; elapsed = 00:00:14 . Memory (MB): peak = 1273.574 ; gain = 0.000
---------------------------------------------------------------------------------
---------------------------------------------------------------------------------
Finished RTL Optimization Phase 1 : Time (s): cpu = 00:00:13 ; elapsed = 00:00:14 . Memory (MB): peak = 1273.574 ; gain = 0.000
---------------------------------------------------------------------------------
Netlist sorting complete. Time (s): cpu = 00:00:00 ; elapsed = 00:00:00.012 . Memory (MB): peak = 1273.574 ; gain = 0.000
INFO: [Project 1-570] Preparing netlist for logic optimization

Processing XDC Constraints
Initializing timing engine
Parsing XDC File [C:/Users/SMN/OneDrive - Universidad Politécnica de Madrid/Documentos/Copia pendrive/cuarto/SED/Laboratorio/Nexys-4-DDR-Master.xdc]
Finished Parsing XDC File [C:/Users/SMN/OneDrive - Universidad Politécnica de Madrid/Documentos/Copia pendrive/cuarto/SED/Laboratorio/Nexys-4-DDR-Master.xdc]
INFO: [Project 1-236] Implementation specific constraints were found while reading constraint file [C:/Users/SMN/OneDrive - Universidad Politécnica de Madrid/Documentos/Copia pendrive/cuarto/SED/Laboratorio/Nexys-4-DDR-Master.xdc]. These constraints will be ignored for synthesis but will be used in implementation. Impacted constraints are listed in the file [.Xil/TOP_propImpl.xdc].
Resolution: To avoid this warning, move constraints listed in [.Xil/TOP_propImpl.xdc] to another XDC file and exclude this new file from synthesis with the used_in_synthesis property (File Properties dialog in GUI) and re-run elaboration/synthesis.
Completed Processing XDC Constraints

Netlist sorting complete. Time (s): cpu = 00:00:00 ; elapsed = 00:00:00 . Memory (MB): peak = 1361.508 ; gain = 0.000
INFO: [Project 1-111] Unisim Transformation Summary:
No Unisim elements were transformed.

Constraint Validation Runtime : Time (s): cpu = 00:00:00 ; elapsed = 00:00:00.007 . Memory (MB): peak = 1361.508 ; gain = 0.000
INFO: [Designutils 20-5440] No compile time benefit to using incremental synthesis; A full resynthesis will be run
INFO: [Designutils 20-4379] Flow is switching to default flow due to incremental criteria not met. If you would like to alter this behaviour and have the flow terminate instead, please set the following parameter config_implementation {autoIncr.Synth.RejectBehavior Terminate}
---------------------------------------------------------------------------------
Finished Constraint Validation : Time (s): cpu = 00:00:25 ; elapsed = 00:00:26 . Memory (MB): peak = 1361.508 ; gain = 87.934
---------------------------------------------------------------------------------
---------------------------------------------------------------------------------
Start Loading Part and Timing Information
---------------------------------------------------------------------------------
Loading part: xc7a100tcsg324-1
---------------------------------------------------------------------------------
Finished Loading Part and Timing Information : Time (s): cpu = 00:00:25 ; elapsed = 00:00:26 . Memory (MB): peak = 1361.508 ; gain = 87.934
---------------------------------------------------------------------------------
---------------------------------------------------------------------------------
Start Applying 'set_property' XDC Constraints
---------------------------------------------------------------------------------
---------------------------------------------------------------------------------
Finished applying 'set_property' XDC Constraints : Time (s): cpu = 00:00:25 ; elapsed = 00:00:26 . Memory (MB): peak = 1361.508 ; gain = 87.934
---------------------------------------------------------------------------------
INFO: [Synth 8-802] inferred FSM for state register 'present_state_reg' in module 'FSM_SELECTION'
INFO: [Synth 8-802] inferred FSM for state register 'present_state_reg' in module 'FSM_PRICE'
INFO: [Synth 8-802] inferred FSM for state register 'present_state_reg' in module 'FSM_DISPLAY'
---------------------------------------------------------------------------------------------------
                   State |                     New Encoding |                Previous Encoding 
---------------------------------------------------------------------------------------------------
                      s0 |                              000 |                              000
                    agua |                              001 |                              001
                   fanta |                              010 |                              010
                  nestea |                              011 |                              011
                 redbull |                              100 |                              100
---------------------------------------------------------------------------------------------------
INFO: [Synth 8-3354] encoded FSM with state register 'present_state_reg' using encoding 'sequential' in module 'FSM_SELECTION'
WARNING: [Synth 8-327] inferring latch for variable 'LED_reg' [C:/Users/SMN/.Xilinx/SED_TRABAJO_FINAL/SED_TRABAJO_FINAL.srcs/sources_1/new/FSM_SELECTION.vhd:106]
WARNING: [Synth 8-327] inferring latch for variable 'FSM_sequential_next_state_reg' [C:/Users/SMN/.Xilinx/SED_TRABAJO_FINAL/SED_TRABAJO_FINAL.srcs/sources_1/new/FSM_PRICE.vhd:72]
WARNING: [Synth 8-327] inferring latch for variable 'FSM_onehot_next_state_reg' [C:/Users/SMN/.Xilinx/SED_TRABAJO_FINAL/SED_TRABAJO_FINAL.srcs/sources_1/new/FSM_PRICE.vhd:72]
---------------------------------------------------------------------------------------------------
                   State |                     New Encoding |                Previous Encoding 
---------------------------------------------------------------------------------------------------
                      s0 |                            00000 |                            00000
                      s1 |                            00001 |                            00001
                      s2 |                            00010 |                            00010
                      s3 |                            00011 |                            00011
                      s4 |                            00100 |                            00100
                      s5 |                            00101 |                            00101
                      s6 |                            00110 |                            00110
                      s7 |                            00111 |                            00111
                      s8 |                            01000 |                            01000
                      s9 |                            01001 |                            01001
                     s10 |                            01010 |                            01010
                     s11 |                            01011 |                            01011
                     s12 |                            01100 |                            01100
                     s13 |                            01101 |                            01101
                     s14 |                            01110 |                            01110
                     s15 |                            01111 |                            01111
                     s16 |                            10000 |                            10000
                     s17 |                            10001 |                            10001
                     s18 |                            10010 |                            10010
                     s19 |                            10011 |                            10011
---------------------------------------------------------------------------------------------------
INFO: [Synth 8-3354] encoded FSM with state register 'present_state_reg' using encoding 'sequential' in module 'FSM_PRICE'
WARNING: [Synth 8-327] inferring latch for variable 'FSM_sequential_next_state_reg' [C:/Users/SMN/.Xilinx/SED_TRABAJO_FINAL/SED_TRABAJO_FINAL.srcs/sources_1/new/FSM_PRICE.vhd:72]
WARNING: [Synth 8-327] inferring latch for variable 'output_decoder.venta_reg' [C:/Users/SMN/.Xilinx/SED_TRABAJO_FINAL/SED_TRABAJO_FINAL.srcs/sources_1/new/FSM_PRICE.vhd:339]
WARNING: [Synth 8-327] inferring latch for variable 'money_change.cambio_reg' [C:/Users/SMN/.Xilinx/SED_TRABAJO_FINAL/SED_TRABAJO_FINAL.srcs/sources_1/new/COUNTER.vhd:85]
---------------------------------------------------------------------------------------------------
                   State |                     New Encoding |                Previous Encoding 
---------------------------------------------------------------------------------------------------
                      s0 |                               00 |                               00
                      s1 |                               01 |                               01
                      s2 |                               10 |                               10
---------------------------------------------------------------------------------------------------
INFO: [Synth 8-3354] encoded FSM with state register 'present_state_reg' using encoding 'sequential' in module 'FSM_DISPLAY'
---------------------------------------------------------------------------------
Finished RTL Optimization Phase 2 : Time (s): cpu = 00:00:26 ; elapsed = 00:00:28 . Memory (MB): peak = 1361.508 ; gain = 87.934
---------------------------------------------------------------------------------
---------------------------------------------------------------------------------
Start RTL Component Statistics 
---------------------------------------------------------------------------------
Detailed RTL Component Info : 
+---Adders : 
	   2 Input   10 Bit       Adders := 4     
	   2 Input    5 Bit       Adders := 1     
	   3 Input    4 Bit       Adders := 1     
	   2 Input    3 Bit       Adders := 1     
	   2 Input    1 Bit       Adders := 1     
+---XORs : 
	   2 Input      1 Bit         XORs := 4     
+---Registers : 
	               10 Bit    Registers := 4     
	                5 Bit    Registers := 1     
	                4 Bit    Registers := 3     
	                3 Bit    Registers := 5     
	                2 Bit    Registers := 4     
	                1 Bit    Registers := 1     
+---Muxes : 
	   9 Input    8 Bit        Muxes := 1     
	   5 Input    8 Bit        Muxes := 1     
	   2 Input    8 Bit        Muxes := 3     
	  17 Input    8 Bit        Muxes := 1     
	  10 Input    8 Bit        Muxes := 1     
	   3 Input    8 Bit        Muxes := 1     
	   8 Input    8 Bit        Muxes := 1     
	   3 Input    7 Bit        Muxes := 1     
	   5 Input    5 Bit        Muxes := 1     
	  20 Input    5 Bit        Muxes := 1     
	 101 Input    5 Bit        Muxes := 1     
	   2 Input    4 Bit        Muxes := 2     
	   5 Input    4 Bit        Muxes := 2     
	   4 Input    4 Bit        Muxes := 1     
	   7 Input    3 Bit        Muxes := 1     
	   3 Input    2 Bit        Muxes := 1     
	   2 Input    2 Bit        Muxes := 1     
	   2 Input    1 Bit        Muxes := 17    
	   5 Input    1 Bit        Muxes := 1     
	   3 Input    1 Bit        Muxes := 1     
---------------------------------------------------------------------------------
Finished RTL Component Statistics 
---------------------------------------------------------------------------------
---------------------------------------------------------------------------------
Start Part Resource Summary
---------------------------------------------------------------------------------
Part Resources:
DSPs: 240 (col length:80)
BRAMs: 270 (col length: RAMB18 80 RAMB36 40)
---------------------------------------------------------------------------------
Finished Part Resource Summary
---------------------------------------------------------------------------------
---------------------------------------------------------------------------------
Start Cross Boundary and Area Optimization
---------------------------------------------------------------------------------
WARNING: [Synth 8-7080] Parallel synthesis criteria is not met
---------------------------------------------------------------------------------
Finished Cross Boundary and Area Optimization : Time (s): cpu = 00:00:32 ; elapsed = 00:00:34 . Memory (MB): peak = 1361.508 ; gain = 87.934
---------------------------------------------------------------------------------
---------------------------------------------------------------------------------
Start Applying XDC Timing Constraints
---------------------------------------------------------------------------------
---------------------------------------------------------------------------------
Finished Applying XDC Timing Constraints : Time (s): cpu = 00:00:41 ; elapsed = 00:00:43 . Memory (MB): peak = 1361.508 ; gain = 87.934
---------------------------------------------------------------------------------
---------------------------------------------------------------------------------
Start Timing Optimization
---------------------------------------------------------------------------------
---------------------------------------------------------------------------------
Finished Timing Optimization : Time (s): cpu = 00:00:41 ; elapsed = 00:00:43 . Memory (MB): peak = 1361.508 ; gain = 87.934
---------------------------------------------------------------------------------
---------------------------------------------------------------------------------
Start Technology Mapping
---------------------------------------------------------------------------------
---------------------------------------------------------------------------------
Finished Technology Mapping : Time (s): cpu = 00:00:41 ; elapsed = 00:00:43 . Memory (MB): peak = 1361.508 ; gain = 87.934
---------------------------------------------------------------------------------
---------------------------------------------------------------------------------
Start IO Insertion
---------------------------------------------------------------------------------
---------------------------------------------------------------------------------
Start Flattening Before IO Insertion
---------------------------------------------------------------------------------
---------------------------------------------------------------------------------
Finished Flattening Before IO Insertion
---------------------------------------------------------------------------------
---------------------------------------------------------------------------------
Start Final Netlist Cleanup
---------------------------------------------------------------------------------
---------------------------------------------------------------------------------
Finished Final Netlist Cleanup
---------------------------------------------------------------------------------
---------------------------------------------------------------------------------
Finished IO Insertion : Time (s): cpu = 00:00:49 ; elapsed = 00:00:51 . Memory (MB): peak = 1361.508 ; gain = 87.934
---------------------------------------------------------------------------------
---------------------------------------------------------------------------------
Start Renaming Generated Instances
---------------------------------------------------------------------------------
---------------------------------------------------------------------------------
Finished Renaming Generated Instances : Time (s): cpu = 00:00:49 ; elapsed = 00:00:51 . Memory (MB): peak = 1361.508 ; gain = 87.934
---------------------------------------------------------------------------------
---------------------------------------------------------------------------------
Start Rebuilding User Hierarchy
---------------------------------------------------------------------------------
---------------------------------------------------------------------------------
Finished Rebuilding User Hierarchy : Time (s): cpu = 00:00:49 ; elapsed = 00:00:51 . Memory (MB): peak = 1361.508 ; gain = 87.934
---------------------------------------------------------------------------------
---------------------------------------------------------------------------------
Start Renaming Generated Ports
---------------------------------------------------------------------------------
---------------------------------------------------------------------------------
Finished Renaming Generated Ports : Time (s): cpu = 00:00:49 ; elapsed = 00:00:51 . Memory (MB): peak = 1361.508 ; gain = 87.934
---------------------------------------------------------------------------------
---------------------------------------------------------------------------------
Start Handling Custom Attributes
---------------------------------------------------------------------------------
---------------------------------------------------------------------------------
Finished Handling Custom Attributes : Time (s): cpu = 00:00:49 ; elapsed = 00:00:51 . Memory (MB): peak = 1361.508 ; gain = 87.934
---------------------------------------------------------------------------------
---------------------------------------------------------------------------------
Start Renaming Generated Nets
---------------------------------------------------------------------------------
---------------------------------------------------------------------------------
Finished Renaming Generated Nets : Time (s): cpu = 00:00:49 ; elapsed = 00:00:51 . Memory (MB): peak = 1361.508 ; gain = 87.934
---------------------------------------------------------------------------------
---------------------------------------------------------------------------------
Start Writing Synthesis Report
---------------------------------------------------------------------------------

Report BlackBoxes: 
+-+--------------+----------+
| |BlackBox name |Instances |
+-+--------------+----------+
+-+--------------+----------+

Report Cell Usage: 
+------+-------+------+
|      |Cell   |Count |
+------+-------+------+
|1     |BUFG   |     1|
|2     |CARRY4 |    12|
|3     |LUT1   |     3|
|4     |LUT2   |    26|
|5     |LUT3   |    35|
|6     |LUT4   |    34|
|7     |LUT5   |    59|
|8     |LUT6   |    94|
|9     |MUXF7  |     3|
|10    |FDCE   |    39|
|11    |FDRE   |    97|
|12    |LD     |     9|
|13    |LDC    |     4|
|14    |LDCP   |     1|
|15    |IBUF   |    11|
|16    |OBUF   |    20|
+------+-------+------+
---------------------------------------------------------------------------------
Finished Writing Synthesis Report : Time (s): cpu = 00:00:49 ; elapsed = 00:00:51 . Memory (MB): peak = 1361.508 ; gain = 87.934
---------------------------------------------------------------------------------
Synthesis finished with 0 errors, 0 critical warnings and 7 warnings.
Synthesis Optimization Runtime : Time (s): cpu = 00:00:34 ; elapsed = 00:00:48 . Memory (MB): peak = 1361.508 ; gain = 0.000
Synthesis Optimization Complete : Time (s): cpu = 00:00:50 ; elapsed = 00:00:52 . Memory (MB): peak = 1361.508 ; gain = 87.934
INFO: [Project 1-571] Translating synthesized netlist
Netlist sorting complete. Time (s): cpu = 00:00:00 ; elapsed = 00:00:00.008 . Memory (MB): peak = 1361.508 ; gain = 0.000
INFO: [Netlist 29-17] Analyzing 29 Unisim elements for replacement
INFO: [Netlist 29-28] Unisim Transformation completed in 0 CPU seconds
INFO: [Project 1-570] Preparing netlist for logic optimization
INFO: [Opt 31-138] Pushed 0 inverter(s) to 0 load pin(s).
Netlist sorting complete. Time (s): cpu = 00:00:00 ; elapsed = 00:00:00 . Memory (MB): peak = 1361.508 ; gain = 0.000
INFO: [Project 1-111] Unisim Transformation Summary:
  A total of 14 instances were transformed.
  LD => LDCE: 9 instances
  LDC => LDCE: 4 instances
  LDCP => LDCP (GND, LDCE, LUT3(x2), VCC): 1 instance 

Synth Design complete, checksum: 7a4a9057
INFO: [Common 17-83] Releasing license: Synthesis
53 Infos, 19 Warnings, 0 Critical Warnings and 0 Errors encountered.
synth_design completed successfully
synth_design: Time (s): cpu = 00:00:56 ; elapsed = 00:01:00 . Memory (MB): peak = 1361.508 ; gain = 87.934
INFO: [Common 17-1381] The checkpoint 'C:/Users/SMN/.Xilinx/SED_TRABAJO_FINAL/SED_TRABAJO_FINAL.runs/synth_1/TOP.dcp' has been generated.
INFO: [runtcl-4] Executing : report_utilization -file TOP_utilization_synth.rpt -pb TOP_utilization_synth.pb
INFO: [Common 17-206] Exiting Vivado at Sun Jan  8 21:29:39 2023...
